file /home/wo/programming/opp-tools/rpdf/iulib/SConstruct,line 53:
	Configure(confdir = .sconf_temp)
scons: Configure: Checking for png_byte in C library png... 
scons: Configure: ".sconf_temp/conftest_0.c" is up to date.
scons: Configure: The original builder output was:
  |.sconf_temp/conftest_0.c <-
  |  |
  |  |
  |  |#include "png.h"
  |  |
  |  |int
  |  |main() {
  |  |  png_byte;
  |  |return 0;
  |  |}
  |  |
  |
scons: Configure: ".sconf_temp/conftest_0.o" is up to date.
scons: Configure: The original builder output was:
  |gcc -o .sconf_temp/conftest_0.o -c .sconf_temp/conftest_0.c
  |
scons: Configure: ".sconf_temp/conftest_0" is up to date.
scons: Configure: The original builder output was:
  |gcc -o .sconf_temp/conftest_0 .sconf_temp/conftest_0.o -lpng
  |
scons: Configure: (cached) yes

scons: Configure: Checking for jpeg_std_error() in C library jpeg... 
scons: Configure: ".sconf_temp/conftest_1.c" is up to date.
scons: Configure: The original builder output was:
  |.sconf_temp/conftest_1.c <-
  |  |
  |  |
  |  |#include "jconfig.h"
  |  |
  |  |int
  |  |main() {
  |  |  jpeg_std_error();
  |  |return 0;
  |  |}
  |  |
  |
scons: Configure: ".sconf_temp/conftest_1.o" is up to date.
scons: Configure: The original builder output was:
  |gcc -o .sconf_temp/conftest_1.o -c .sconf_temp/conftest_1.c
  |
scons: Configure: ".sconf_temp/conftest_1" is up to date.
scons: Configure: The original builder output was:
  |gcc -o .sconf_temp/conftest_1 .sconf_temp/conftest_1.o -lpng -ljpeg
  |
scons: Configure: (cached) yes

scons: Configure: Checking for inflate() in C library tiff... 
scons: Configure: ".sconf_temp/conftest_2.c" is up to date.
scons: Configure: The original builder output was:
  |.sconf_temp/conftest_2.c <-
  |  |
  |  |
  |  |#include "tiff.h"
  |  |
  |  |int
  |  |main() {
  |  |  inflate();
  |  |return 0;
  |  |}
  |  |
  |
scons: Configure: ".sconf_temp/conftest_2.o" is up to date.
scons: Configure: The original builder output was:
  |gcc -o .sconf_temp/conftest_2.o -c .sconf_temp/conftest_2.c
  |
scons: Configure: ".sconf_temp/conftest_2" is up to date.
scons: Configure: The original builder output was:
  |gcc -o .sconf_temp/conftest_2 .sconf_temp/conftest_2.o -lpng -ljpeg -ltiff
  |
scons: Configure: (cached) yes

scons: Configure: Checking for C++ header file SDL/SDL_gfxPrimitives.h... 
scons: Configure: ".sconf_temp/conftest_3.cpp" is up to date.
scons: Configure: The original builder output was:
  |.sconf_temp/conftest_3.cpp <-
  |  |
  |  |#include "SDL/SDL_gfxPrimitives.h"
  |  |
  |  |
  |
scons: Configure: ".sconf_temp/conftest_3.o" is up to date.
scons: Configure: The original builder output was:
  |g++ -o .sconf_temp/conftest_3.o -c -g -O3 -fPIC -Wall -D__warn_unused_result__=__far__ .sconf_temp/conftest_3.cpp
  |
scons: Configure: (cached) yes

scons: Configure: Checking for C++ header file SDL/SDL.h... 
scons: Configure: ".sconf_temp/conftest_4.cpp" is up to date.
scons: Configure: The original builder output was:
  |.sconf_temp/conftest_4.cpp <-
  |  |
  |  |#include "SDL/SDL.h"
  |  |
  |  |
  |
scons: Configure: ".sconf_temp/conftest_4.o" is up to date.
scons: Configure: The original builder output was:
  |g++ -o .sconf_temp/conftest_4.o -c -g -O3 -fPIC -Wall -D__warn_unused_result__=__far__ .sconf_temp/conftest_4.cpp
  |
scons: Configure: (cached) yes


