This file contains any messages produced by compilers while
running configure, to aid debugging if configure makes a mistake.

It was created by ocropus configure 0.2, which was
generated by GNU Autoconf 2.61.  Invocation command line was

  $ ./configure 

## --------- ##
## Platform. ##
## --------- ##

hostname = x61
uname -m = i686
uname -r = 2.6.31-20-generic
uname -s = Linux
uname -v = #58-Ubuntu SMP Fri Mar 12 05:23:09 UTC 2010

/usr/bin/uname -p = unknown
/bin/uname -X     = unknown

/bin/arch              = unknown
/usr/bin/arch -k       = unknown
/usr/convex/getsysinfo = unknown
/usr/bin/hostinfo      = unknown
/bin/machine           = unknown
/usr/bin/oslevel       = unknown
/bin/universe          = unknown

PATH: /usr/local/sbin
PATH: /usr/local/bin
PATH: /usr/sbin
PATH: /usr/bin
PATH: /sbin
PATH: /bin
PATH: /usr/games


## ----------- ##
## Core tests. ##
## ----------- ##

configure:1831: checking for g++
configure:1847: found /usr/bin/g++
configure:1858: result: g++
configure:1889: checking for C++ compiler version
configure:1896: g++ --version >&5
g++ (Ubuntu 4.4.1-4ubuntu9) 4.4.1
Copyright (C) 2009 Free Software Foundation, Inc.
This is free software; see the source for copying conditions.  There is NO
warranty; not even for MERCHANTABILITY or FITNESS FOR A PARTICULAR PURPOSE.

configure:1899: $? = 0
configure:1906: g++ -v >&5
Using built-in specs.
Target: i486-linux-gnu
Configured with: ../src/configure -v --with-pkgversion='Ubuntu 4.4.1-4ubuntu9' --with-bugurl=file:///usr/share/doc/gcc-4.4/README.Bugs --enable-languages=c,c++,fortran,objc,obj-c++ --prefix=/usr --enable-shared --enable-multiarch --enable-linker-build-id --with-system-zlib --libexecdir=/usr/lib --without-included-gettext --enable-threads=posix --with-gxx-include-dir=/usr/include/c++/4.4 --program-suffix=-4.4 --enable-nls --enable-clocale=gnu --enable-libstdcxx-debug --enable-objc-gc --enable-targets=all --disable-werror --with-arch-32=i486 --with-tune=generic --enable-checking=release --build=i486-linux-gnu --host=i486-linux-gnu --target=i486-linux-gnu
Thread model: posix
gcc version 4.4.1 (Ubuntu 4.4.1-4ubuntu9) 
configure:1909: $? = 0
configure:1916: g++ -V >&5
g++: '-V' option must have argument
configure:1919: $? = 1
configure:1942: checking for C++ compiler default output file name
configure:1969: g++    conftest.cpp  >&5
configure:1972: $? = 0
configure:2010: result: a.out
configure:2027: checking whether the C++ compiler works
configure:2037: ./a.out
configure:2040: $? = 0
configure:2057: result: yes
configure:2064: checking whether we are cross compiling
configure:2066: result: no
configure:2069: checking for suffix of executables
configure:2076: g++ -o conftest    conftest.cpp  >&5
configure:2079: $? = 0
configure:2103: result: 
configure:2109: checking for suffix of object files
configure:2135: g++ -c   conftest.cpp >&5
configure:2138: $? = 0
configure:2161: result: o
configure:2165: checking whether we are using the GNU C++ compiler
configure:2194: g++ -c   conftest.cpp >&5
configure:2200: $? = 0
configure:2217: result: yes
configure:2222: checking whether g++ accepts -g
configure:2252: g++ -c -g  conftest.cpp >&5
configure:2258: $? = 0
configure:2357: result: yes
configure:2428: checking for gcc
configure:2444: found /usr/bin/gcc
configure:2455: result: gcc
configure:2693: checking for C compiler version
configure:2700: gcc --version >&5
gcc (Ubuntu 4.4.1-4ubuntu9) 4.4.1
Copyright (C) 2009 Free Software Foundation, Inc.
This is free software; see the source for copying conditions.  There is NO
warranty; not even for MERCHANTABILITY or FITNESS FOR A PARTICULAR PURPOSE.

configure:2703: $? = 0
configure:2710: gcc -v >&5
Using built-in specs.
Target: i486-linux-gnu
Configured with: ../src/configure -v --with-pkgversion='Ubuntu 4.4.1-4ubuntu9' --with-bugurl=file:///usr/share/doc/gcc-4.4/README.Bugs --enable-languages=c,c++,fortran,objc,obj-c++ --prefix=/usr --enable-shared --enable-multiarch --enable-linker-build-id --with-system-zlib --libexecdir=/usr/lib --without-included-gettext --enable-threads=posix --with-gxx-include-dir=/usr/include/c++/4.4 --program-suffix=-4.4 --enable-nls --enable-clocale=gnu --enable-libstdcxx-debug --enable-objc-gc --enable-targets=all --disable-werror --with-arch-32=i486 --with-tune=generic --enable-checking=release --build=i486-linux-gnu --host=i486-linux-gnu --target=i486-linux-gnu
Thread model: posix
gcc version 4.4.1 (Ubuntu 4.4.1-4ubuntu9) 
configure:2713: $? = 0
configure:2720: gcc -V >&5
gcc: '-V' option must have argument
configure:2723: $? = 1
configure:2726: checking whether we are using the GNU C compiler
configure:2755: gcc -c   conftest.c >&5
configure:2761: $? = 0
configure:2778: result: yes
configure:2783: checking whether gcc accepts -g
configure:2813: gcc -c -g  conftest.c >&5
configure:2819: $? = 0
configure:2918: result: yes
configure:2935: checking for gcc option to accept ISO C89
configure:3009: gcc  -c -g -O2  conftest.c >&5
configure:3015: $? = 0
configure:3038: result: none needed
configure:3099: checking for ranlib
configure:3115: found /usr/bin/ranlib
configure:3126: result: ranlib
configure:3159: checking how to run the C++ preprocessor
configure:3195: g++ -E  conftest.cpp
configure:3201: $? = 0
configure:3232: g++ -E  conftest.cpp
conftest.cpp:8:28: error: ac_nonexistent.h: No such file or directory
configure:3238: $? = 1
configure: failed program was:
| /* confdefs.h.  */
| #define PACKAGE_NAME "ocropus"
| #define PACKAGE_TARNAME "ocropus"
| #define PACKAGE_VERSION "0.2"
| #define PACKAGE_STRING "ocropus 0.2"
| #define PACKAGE_BUGREPORT ""
| /* end confdefs.h.  */
| #include <ac_nonexistent.h>
configure:3271: result: g++ -E
configure:3300: g++ -E  conftest.cpp
configure:3306: $? = 0
configure:3337: g++ -E  conftest.cpp
conftest.cpp:8:28: error: ac_nonexistent.h: No such file or directory
configure:3343: $? = 1
configure: failed program was:
| /* confdefs.h.  */
| #define PACKAGE_NAME "ocropus"
| #define PACKAGE_TARNAME "ocropus"
| #define PACKAGE_VERSION "0.2"
| #define PACKAGE_STRING "ocropus 0.2"
| #define PACKAGE_BUGREPORT ""
| /* end confdefs.h.  */
| #include <ac_nonexistent.h>
configure:3381: checking for grep that handles long lines and -e
configure:3455: result: /bin/grep
configure:3460: checking for egrep
configure:3538: result: /bin/grep -E
configure:3543: checking for ANSI C header files
configure:3573: g++ -c -g -O2  conftest.cpp >&5
configure:3579: $? = 0
configure:3678: g++ -o conftest -g -O2   conftest.cpp  >&5
configure:3681: $? = 0
configure:3687: ./conftest
configure:3690: $? = 0
configure:3707: result: yes
configure:3717: checking for sys/wait.h that is POSIX.1 compatible
configure:3753: g++ -c -g -O2  conftest.cpp >&5
configure:3759: $? = 0
configure:3774: result: yes
configure:3798: checking for sys/types.h
configure:3819: g++ -c -g -O2  conftest.cpp >&5
configure:3825: $? = 0
configure:3841: result: yes
configure:3798: checking for sys/stat.h
configure:3819: g++ -c -g -O2  conftest.cpp >&5
configure:3825: $? = 0
configure:3841: result: yes
configure:3798: checking for stdlib.h
configure:3819: g++ -c -g -O2  conftest.cpp >&5
configure:3825: $? = 0
configure:3841: result: yes
configure:3798: checking for string.h
configure:3819: g++ -c -g -O2  conftest.cpp >&5
configure:3825: $? = 0
configure:3841: result: yes
configure:3798: checking for memory.h
configure:3819: g++ -c -g -O2  conftest.cpp >&5
configure:3825: $? = 0
configure:3841: result: yes
configure:3798: checking for strings.h
configure:3819: g++ -c -g -O2  conftest.cpp >&5
configure:3825: $? = 0
configure:3841: result: yes
configure:3798: checking for inttypes.h
configure:3819: g++ -c -g -O2  conftest.cpp >&5
configure:3825: $? = 0
configure:3841: result: yes
configure:3798: checking for stdint.h
configure:3819: g++ -c -g -O2  conftest.cpp >&5
configure:3825: $? = 0
configure:3841: result: yes
configure:3798: checking for unistd.h
configure:3819: g++ -c -g -O2  conftest.cpp >&5
configure:3825: $? = 0
configure:3841: result: yes
configure:3874: checking float.h usability
configure:3891: g++ -c -g -O2  conftest.cpp >&5
configure:3897: $? = 0
configure:3911: result: yes
configure:3915: checking float.h presence
configure:3930: g++ -E  conftest.cpp
configure:3936: $? = 0
configure:3950: result: yes
configure:3978: checking for float.h
configure:3986: result: yes
configure:3874: checking malloc.h usability
configure:3891: g++ -c -g -O2  conftest.cpp >&5
configure:3897: $? = 0
configure:3911: result: yes
configure:3915: checking malloc.h presence
configure:3930: g++ -E  conftest.cpp
configure:3936: $? = 0
configure:3950: result: yes
configure:3978: checking for malloc.h
configure:3986: result: yes
configure:3864: checking for stdint.h
configure:3870: result: yes
configure:3864: checking for stdlib.h
configure:3870: result: yes
configure:3864: checking for string.h
configure:3870: result: yes
configure:3864: checking for unistd.h
configure:3870: result: yes
configure:3874: checking wchar.h usability
configure:3891: g++ -c -g -O2  conftest.cpp >&5
configure:3897: $? = 0
configure:3911: result: yes
configure:3915: checking wchar.h presence
configure:3930: g++ -E  conftest.cpp
configure:3936: $? = 0
configure:3950: result: yes
configure:3978: checking for wchar.h
configure:3986: result: yes
configure:4002: checking for unistd.h
configure:4007: result: yes
configure:4137: checking for compress in -lz
configure:4172: g++ -o conftest -g -O2   conftest.cpp -lz   >&5
configure:4178: $? = 0
configure:4196: result: yes
configure:4223: checking png.h usability
configure:4240: g++ -c -g -O2  conftest.cpp >&5
configure:4246: $? = 0
configure:4260: result: yes
configure:4264: checking png.h presence
configure:4279: g++ -E  conftest.cpp
configure:4285: $? = 0
configure:4299: result: yes
configure:4327: checking for png.h
configure:4334: result: yes
configure:4348: checking for png_sig_cmp in -lpng
configure:4383: g++ -o conftest -g -O2   conftest.cpp -lpng  -lz  >&5
configure:4389: $? = 0
configure:4407: result: yes
configure:4434: checking jpeglib.h usability
configure:4451: g++ -c -g -O2  conftest.cpp >&5
configure:4457: $? = 0
configure:4471: result: yes
configure:4475: checking jpeglib.h presence
configure:4490: g++ -E  conftest.cpp
configure:4496: $? = 0
configure:4510: result: yes
configure:4538: checking for jpeglib.h
configure:4545: result: yes
configure:4559: checking for jpeg_std_error in -ljpeg
configure:4594: g++ -o conftest -g -O2   conftest.cpp -ljpeg  -lpng -lz  >&5
configure:4600: $? = 0
configure:4618: result: yes
configure:4636: checking for TIFFOpen in -ltiff
configure:4671: g++ -o conftest -g -O2   conftest.cpp -ltiff  -ljpeg -lpng -lz  >&5
configure:4677: $? = 0
configure:4695: result: yes
configure:4713: checking for pthread_create in -lpthread
configure:4748: g++ -o conftest -g -O2   conftest.cpp -lpthread  -ltiff -ljpeg -lpng -lz  >&5
configure:4754: $? = 0
configure:4772: result: yes
configure:4787: checking for err_exit in -ltesseract_full
configure:4822: g++ -o conftest -g -O2   conftest.cpp -ltesseract_full  -lpthread -ltiff -ljpeg -lpng -lz  >&5
/usr/bin/ld: cannot find -ltesseract_full
collect2: ld returned 1 exit status
configure:4828: $? = 1
configure: failed program was:
| /* confdefs.h.  */
| #define PACKAGE_NAME "ocropus"
| #define PACKAGE_TARNAME "ocropus"
| #define PACKAGE_VERSION "0.2"
| #define PACKAGE_STRING "ocropus 0.2"
| #define PACKAGE_BUGREPORT ""
| #define STDC_HEADERS 1
| #define HAVE_SYS_WAIT_H 1
| #define HAVE_SYS_TYPES_H 1
| #define HAVE_SYS_STAT_H 1
| #define HAVE_STDLIB_H 1
| #define HAVE_STRING_H 1
| #define HAVE_MEMORY_H 1
| #define HAVE_STRINGS_H 1
| #define HAVE_INTTYPES_H 1
| #define HAVE_STDINT_H 1
| #define HAVE_UNISTD_H 1
| #define HAVE_FLOAT_H 1
| #define HAVE_MALLOC_H 1
| #define HAVE_STDINT_H 1
| #define HAVE_STDLIB_H 1
| #define HAVE_STRING_H 1
| #define HAVE_UNISTD_H 1
| #define HAVE_WCHAR_H 1
| #define HAVE_LIBZ 1
| #define HAVE_LIBPNG 1
| #define HAVE_LIBJPEG 1
| #define HAVE_LIBTIFF 1
| #define HAVE_LIBPTHREAD 1
| /* end confdefs.h.  */
| 
| /* Override any GCC internal prototype to avoid an error.
|    Use char because int might match the return type of a GCC
|    builtin and then its argument prototype would still apply.  */
| #ifdef __cplusplus
| extern "C"
| #endif
| char err_exit ();
| int
| main ()
| {
| return err_exit ();
|   ;
|   return 0;
| }
configure:4846: result: no
configure:4872: checking for pthread_create in -lpthread
configure:4931: result: yes
configure:4955: checking fst/lib/fst.h usability
configure:4972: g++ -c -g -O2  conftest.cpp >&5
conftest.cpp:65:25: error: fst/lib/fst.h: No such file or directory
configure:4978: $? = 1
configure: failed program was:
| /* confdefs.h.  */
| #define PACKAGE_NAME "ocropus"
| #define PACKAGE_TARNAME "ocropus"
| #define PACKAGE_VERSION "0.2"
| #define PACKAGE_STRING "ocropus 0.2"
| #define PACKAGE_BUGREPORT ""
| #define STDC_HEADERS 1
| #define HAVE_SYS_WAIT_H 1
| #define HAVE_SYS_TYPES_H 1
| #define HAVE_SYS_STAT_H 1
| #define HAVE_STDLIB_H 1
| #define HAVE_STRING_H 1
| #define HAVE_MEMORY_H 1
| #define HAVE_STRINGS_H 1
| #define HAVE_INTTYPES_H 1
| #define HAVE_STDINT_H 1
| #define HAVE_UNISTD_H 1
| #define HAVE_FLOAT_H 1
| #define HAVE_MALLOC_H 1
| #define HAVE_STDINT_H 1
| #define HAVE_STDLIB_H 1
| #define HAVE_STRING_H 1
| #define HAVE_UNISTD_H 1
| #define HAVE_WCHAR_H 1
| #define HAVE_LIBZ 1
| #define HAVE_LIBPNG 1
| #define HAVE_LIBJPEG 1
| #define HAVE_LIBTIFF 1
| #define HAVE_LIBPTHREAD 1
| #define HAVE_LIBPTHREAD 1
| /* end confdefs.h.  */
| #include <stdio.h>
| #ifdef HAVE_SYS_TYPES_H
| # include <sys/types.h>
| #endif
| #ifdef HAVE_SYS_STAT_H
| # include <sys/stat.h>
| #endif
| #ifdef STDC_HEADERS
| # include <stdlib.h>
| # include <stddef.h>
| #else
| # ifdef HAVE_STDLIB_H
| #  include <stdlib.h>
| # endif
| #endif
| #ifdef HAVE_STRING_H
| # if !defined STDC_HEADERS && defined HAVE_MEMORY_H
| #  include <memory.h>
| # endif
| # include <string.h>
| #endif
| #ifdef HAVE_STRINGS_H
| # include <strings.h>
| #endif
| #ifdef HAVE_INTTYPES_H
| # include <inttypes.h>
| #endif
| #ifdef HAVE_STDINT_H
| # include <stdint.h>
| #endif
| #ifdef HAVE_UNISTD_H
| # include <unistd.h>
| #endif
| #include <fst/lib/fst.h>
configure:4992: result: no
configure:4996: checking fst/lib/fst.h presence
configure:5011: g++ -E  conftest.cpp
conftest.cpp:32:25: error: fst/lib/fst.h: No such file or directory
configure:5017: $? = 1
configure: failed program was:
| /* confdefs.h.  */
| #define PACKAGE_NAME "ocropus"
| #define PACKAGE_TARNAME "ocropus"
| #define PACKAGE_VERSION "0.2"
| #define PACKAGE_STRING "ocropus 0.2"
| #define PACKAGE_BUGREPORT ""
| #define STDC_HEADERS 1
| #define HAVE_SYS_WAIT_H 1
| #define HAVE_SYS_TYPES_H 1
| #define HAVE_SYS_STAT_H 1
| #define HAVE_STDLIB_H 1
| #define HAVE_STRING_H 1
| #define HAVE_MEMORY_H 1
| #define HAVE_STRINGS_H 1
| #define HAVE_INTTYPES_H 1
| #define HAVE_STDINT_H 1
| #define HAVE_UNISTD_H 1
| #define HAVE_FLOAT_H 1
| #define HAVE_MALLOC_H 1
| #define HAVE_STDINT_H 1
| #define HAVE_STDLIB_H 1
| #define HAVE_STRING_H 1
| #define HAVE_UNISTD_H 1
| #define HAVE_WCHAR_H 1
| #define HAVE_LIBZ 1
| #define HAVE_LIBPNG 1
| #define HAVE_LIBJPEG 1
| #define HAVE_LIBTIFF 1
| #define HAVE_LIBPTHREAD 1
| #define HAVE_LIBPTHREAD 1
| /* end confdefs.h.  */
| #include <fst/lib/fst.h>
configure:5031: result: no
configure:5059: checking for fst/lib/fst.h
configure:5066: result: no
configure:5079: checking for main in -lfst
configure:5108: g++ -o conftest -g -O2   conftest.cpp -lfst  -lpthread -lpthread -ltiff -ljpeg -lpng -lz  >&5
/usr/bin/ld: cannot find -lfst
collect2: ld returned 1 exit status
configure:5114: $? = 1
configure: failed program was:
| /* confdefs.h.  */
| #define PACKAGE_NAME "ocropus"
| #define PACKAGE_TARNAME "ocropus"
| #define PACKAGE_VERSION "0.2"
| #define PACKAGE_STRING "ocropus 0.2"
| #define PACKAGE_BUGREPORT ""
| #define STDC_HEADERS 1
| #define HAVE_SYS_WAIT_H 1
| #define HAVE_SYS_TYPES_H 1
| #define HAVE_SYS_STAT_H 1
| #define HAVE_STDLIB_H 1
| #define HAVE_STRING_H 1
| #define HAVE_MEMORY_H 1
| #define HAVE_STRINGS_H 1
| #define HAVE_INTTYPES_H 1
| #define HAVE_STDINT_H 1
| #define HAVE_UNISTD_H 1
| #define HAVE_FLOAT_H 1
| #define HAVE_MALLOC_H 1
| #define HAVE_STDINT_H 1
| #define HAVE_STDLIB_H 1
| #define HAVE_STRING_H 1
| #define HAVE_UNISTD_H 1
| #define HAVE_WCHAR_H 1
| #define HAVE_LIBZ 1
| #define HAVE_LIBPNG 1
| #define HAVE_LIBJPEG 1
| #define HAVE_LIBTIFF 1
| #define HAVE_LIBPTHREAD 1
| #define HAVE_LIBPTHREAD 1
| /* end confdefs.h.  */
| 
| 
| int
| main ()
| {
| return main ();
|   ;
|   return 0;
| }
configure:5132: result: no
configure:5171: checking aspell.h usability
configure:5188: g++ -c -g -O2  conftest.cpp >&5
conftest.cpp:65:20: error: aspell.h: No such file or directory
configure:5194: $? = 1
configure: failed program was:
| /* confdefs.h.  */
| #define PACKAGE_NAME "ocropus"
| #define PACKAGE_TARNAME "ocropus"
| #define PACKAGE_VERSION "0.2"
| #define PACKAGE_STRING "ocropus 0.2"
| #define PACKAGE_BUGREPORT ""
| #define STDC_HEADERS 1
| #define HAVE_SYS_WAIT_H 1
| #define HAVE_SYS_TYPES_H 1
| #define HAVE_SYS_STAT_H 1
| #define HAVE_STDLIB_H 1
| #define HAVE_STRING_H 1
| #define HAVE_MEMORY_H 1
| #define HAVE_STRINGS_H 1
| #define HAVE_INTTYPES_H 1
| #define HAVE_STDINT_H 1
| #define HAVE_UNISTD_H 1
| #define HAVE_FLOAT_H 1
| #define HAVE_MALLOC_H 1
| #define HAVE_STDINT_H 1
| #define HAVE_STDLIB_H 1
| #define HAVE_STRING_H 1
| #define HAVE_UNISTD_H 1
| #define HAVE_WCHAR_H 1
| #define HAVE_LIBZ 1
| #define HAVE_LIBPNG 1
| #define HAVE_LIBJPEG 1
| #define HAVE_LIBTIFF 1
| #define HAVE_LIBPTHREAD 1
| #define HAVE_LIBPTHREAD 1
| /* end confdefs.h.  */
| #include <stdio.h>
| #ifdef HAVE_SYS_TYPES_H
| # include <sys/types.h>
| #endif
| #ifdef HAVE_SYS_STAT_H
| # include <sys/stat.h>
| #endif
| #ifdef STDC_HEADERS
| # include <stdlib.h>
| # include <stddef.h>
| #else
| # ifdef HAVE_STDLIB_H
| #  include <stdlib.h>
| # endif
| #endif
| #ifdef HAVE_STRING_H
| # if !defined STDC_HEADERS && defined HAVE_MEMORY_H
| #  include <memory.h>
| # endif
| # include <string.h>
| #endif
| #ifdef HAVE_STRINGS_H
| # include <strings.h>
| #endif
| #ifdef HAVE_INTTYPES_H
| # include <inttypes.h>
| #endif
| #ifdef HAVE_STDINT_H
| # include <stdint.h>
| #endif
| #ifdef HAVE_UNISTD_H
| # include <unistd.h>
| #endif
| #include <aspell.h>
configure:5208: result: no
configure:5212: checking aspell.h presence
configure:5227: g++ -E  conftest.cpp
conftest.cpp:32:20: error: aspell.h: No such file or directory
configure:5233: $? = 1
configure: failed program was:
| /* confdefs.h.  */
| #define PACKAGE_NAME "ocropus"
| #define PACKAGE_TARNAME "ocropus"
| #define PACKAGE_VERSION "0.2"
| #define PACKAGE_STRING "ocropus 0.2"
| #define PACKAGE_BUGREPORT ""
| #define STDC_HEADERS 1
| #define HAVE_SYS_WAIT_H 1
| #define HAVE_SYS_TYPES_H 1
| #define HAVE_SYS_STAT_H 1
| #define HAVE_STDLIB_H 1
| #define HAVE_STRING_H 1
| #define HAVE_MEMORY_H 1
| #define HAVE_STRINGS_H 1
| #define HAVE_INTTYPES_H 1
| #define HAVE_STDINT_H 1
| #define HAVE_UNISTD_H 1
| #define HAVE_FLOAT_H 1
| #define HAVE_MALLOC_H 1
| #define HAVE_STDINT_H 1
| #define HAVE_STDLIB_H 1
| #define HAVE_STRING_H 1
| #define HAVE_UNISTD_H 1
| #define HAVE_WCHAR_H 1
| #define HAVE_LIBZ 1
| #define HAVE_LIBPNG 1
| #define HAVE_LIBJPEG 1
| #define HAVE_LIBTIFF 1
| #define HAVE_LIBPTHREAD 1
| #define HAVE_LIBPTHREAD 1
| /* end confdefs.h.  */
| #include <aspell.h>
configure:5247: result: no
configure:5275: checking for aspell.h
configure:5282: result: no
configure:5295: checking for new_aspell_config in -laspell
configure:5330: g++ -o conftest -g -O2   conftest.cpp -laspell  -lpthread -lpthread -ltiff -ljpeg -lpng -lz  >&5
/usr/bin/ld: cannot find -laspell
collect2: ld returned 1 exit status
configure:5336: $? = 1
configure: failed program was:
| /* confdefs.h.  */
| #define PACKAGE_NAME "ocropus"
| #define PACKAGE_TARNAME "ocropus"
| #define PACKAGE_VERSION "0.2"
| #define PACKAGE_STRING "ocropus 0.2"
| #define PACKAGE_BUGREPORT ""
| #define STDC_HEADERS 1
| #define HAVE_SYS_WAIT_H 1
| #define HAVE_SYS_TYPES_H 1
| #define HAVE_SYS_STAT_H 1
| #define HAVE_STDLIB_H 1
| #define HAVE_STRING_H 1
| #define HAVE_MEMORY_H 1
| #define HAVE_STRINGS_H 1
| #define HAVE_INTTYPES_H 1
| #define HAVE_STDINT_H 1
| #define HAVE_UNISTD_H 1
| #define HAVE_FLOAT_H 1
| #define HAVE_MALLOC_H 1
| #define HAVE_STDINT_H 1
| #define HAVE_STDLIB_H 1
| #define HAVE_STRING_H 1
| #define HAVE_UNISTD_H 1
| #define HAVE_WCHAR_H 1
| #define HAVE_LIBZ 1
| #define HAVE_LIBPNG 1
| #define HAVE_LIBJPEG 1
| #define HAVE_LIBTIFF 1
| #define HAVE_LIBPTHREAD 1
| #define HAVE_LIBPTHREAD 1
| /* end confdefs.h.  */
| 
| /* Override any GCC internal prototype to avoid an error.
|    Use char because int might match the return type of a GCC
|    builtin and then its argument prototype would still apply.  */
| #ifdef __cplusplus
| extern "C"
| #endif
| char new_aspell_config ();
| int
| main ()
| {
| return new_aspell_config ();
|   ;
|   return 0;
| }
configure:5354: result: no
configure:5391: checking for readline in -ledit
configure:5426: g++ -o conftest -g -O2   conftest.cpp -ledit  -lpthread -lpthread -ltiff -ljpeg -lpng -lz  >&5
/usr/bin/ld: cannot find -ledit
collect2: ld returned 1 exit status
configure:5432: $? = 1
configure: failed program was:
| /* confdefs.h.  */
| #define PACKAGE_NAME "ocropus"
| #define PACKAGE_TARNAME "ocropus"
| #define PACKAGE_VERSION "0.2"
| #define PACKAGE_STRING "ocropus 0.2"
| #define PACKAGE_BUGREPORT ""
| #define STDC_HEADERS 1
| #define HAVE_SYS_WAIT_H 1
| #define HAVE_SYS_TYPES_H 1
| #define HAVE_SYS_STAT_H 1
| #define HAVE_STDLIB_H 1
| #define HAVE_STRING_H 1
| #define HAVE_MEMORY_H 1
| #define HAVE_STRINGS_H 1
| #define HAVE_INTTYPES_H 1
| #define HAVE_STDINT_H 1
| #define HAVE_UNISTD_H 1
| #define HAVE_FLOAT_H 1
| #define HAVE_MALLOC_H 1
| #define HAVE_STDINT_H 1
| #define HAVE_STDLIB_H 1
| #define HAVE_STRING_H 1
| #define HAVE_UNISTD_H 1
| #define HAVE_WCHAR_H 1
| #define HAVE_LIBZ 1
| #define HAVE_LIBPNG 1
| #define HAVE_LIBJPEG 1
| #define HAVE_LIBTIFF 1
| #define HAVE_LIBPTHREAD 1
| #define HAVE_LIBPTHREAD 1
| /* end confdefs.h.  */
| 
| /* Override any GCC internal prototype to avoid an error.
|    Use char because int might match the return type of a GCC
|    builtin and then its argument prototype would still apply.  */
| #ifdef __cplusplus
| extern "C"
| #endif
| char readline ();
| int
| main ()
| {
| return readline ();
|   ;
|   return 0;
| }
configure:5450: result: no
configure:5476: checking for SDL_Init in -lSDL
configure:5511: g++ -o conftest -g -O2   conftest.cpp -lSDL  -lpthread -lpthread -ltiff -ljpeg -lpng -lz  >&5
/usr/bin/ld: cannot find -lSDL
collect2: ld returned 1 exit status
configure:5517: $? = 1
configure: failed program was:
| /* confdefs.h.  */
| #define PACKAGE_NAME "ocropus"
| #define PACKAGE_TARNAME "ocropus"
| #define PACKAGE_VERSION "0.2"
| #define PACKAGE_STRING "ocropus 0.2"
| #define PACKAGE_BUGREPORT ""
| #define STDC_HEADERS 1
| #define HAVE_SYS_WAIT_H 1
| #define HAVE_SYS_TYPES_H 1
| #define HAVE_SYS_STAT_H 1
| #define HAVE_STDLIB_H 1
| #define HAVE_STRING_H 1
| #define HAVE_MEMORY_H 1
| #define HAVE_STRINGS_H 1
| #define HAVE_INTTYPES_H 1
| #define HAVE_STDINT_H 1
| #define HAVE_UNISTD_H 1
| #define HAVE_FLOAT_H 1
| #define HAVE_MALLOC_H 1
| #define HAVE_STDINT_H 1
| #define HAVE_STDLIB_H 1
| #define HAVE_STRING_H 1
| #define HAVE_UNISTD_H 1
| #define HAVE_WCHAR_H 1
| #define HAVE_LIBZ 1
| #define HAVE_LIBPNG 1
| #define HAVE_LIBJPEG 1
| #define HAVE_LIBTIFF 1
| #define HAVE_LIBPTHREAD 1
| #define HAVE_LIBPTHREAD 1
| /* end confdefs.h.  */
| 
| /* Override any GCC internal prototype to avoid an error.
|    Use char because int might match the return type of a GCC
|    builtin and then its argument prototype would still apply.  */
| #ifdef __cplusplus
| extern "C"
| #endif
| char SDL_Init ();
| int
| main ()
| {
| return SDL_Init ();
|   ;
|   return 0;
| }
configure:5535: result: no
configure:5550: checking for rotozoomSurface in -lSDL_gfx
configure:5585: g++ -o conftest -g -O2   conftest.cpp -lSDL_gfx  -lpthread -lpthread -ltiff -ljpeg -lpng -lz  >&5
/usr/bin/ld: cannot find -lSDL_gfx
collect2: ld returned 1 exit status
configure:5591: $? = 1
configure: failed program was:
| /* confdefs.h.  */
| #define PACKAGE_NAME "ocropus"
| #define PACKAGE_TARNAME "ocropus"
| #define PACKAGE_VERSION "0.2"
| #define PACKAGE_STRING "ocropus 0.2"
| #define PACKAGE_BUGREPORT ""
| #define STDC_HEADERS 1
| #define HAVE_SYS_WAIT_H 1
| #define HAVE_SYS_TYPES_H 1
| #define HAVE_SYS_STAT_H 1
| #define HAVE_STDLIB_H 1
| #define HAVE_STRING_H 1
| #define HAVE_MEMORY_H 1
| #define HAVE_STRINGS_H 1
| #define HAVE_INTTYPES_H 1
| #define HAVE_STDINT_H 1
| #define HAVE_UNISTD_H 1
| #define HAVE_FLOAT_H 1
| #define HAVE_MALLOC_H 1
| #define HAVE_STDINT_H 1
| #define HAVE_STDLIB_H 1
| #define HAVE_STRING_H 1
| #define HAVE_UNISTD_H 1
| #define HAVE_WCHAR_H 1
| #define HAVE_LIBZ 1
| #define HAVE_LIBPNG 1
| #define HAVE_LIBJPEG 1
| #define HAVE_LIBTIFF 1
| #define HAVE_LIBPTHREAD 1
| #define HAVE_LIBPTHREAD 1
| /* end confdefs.h.  */
| 
| /* Override any GCC internal prototype to avoid an error.
|    Use char because int might match the return type of a GCC
|    builtin and then its argument prototype would still apply.  */
| #ifdef __cplusplus
| extern "C"
| #endif
| char rotozoomSurface ();
| int
| main ()
| {
| return rotozoomSurface ();
|   ;
|   return 0;
| }
configure:5609: result: no
configure:5714: checking for int64_t
configure:5745: g++ -c -g -O2  conftest.cpp >&5
configure:5751: $? = 0
configure:5780: g++ -c -g -O2  conftest.cpp >&5
conftest.cpp: In function 'int main()':
conftest.cpp:69: warning: integer overflow in expression
conftest.cpp:69: error: size of array 'test_array' is negative
configure:5786: $? = 1
configure: failed program was:
| /* confdefs.h.  */
| #define PACKAGE_NAME "ocropus"
| #define PACKAGE_TARNAME "ocropus"
| #define PACKAGE_VERSION "0.2"
| #define PACKAGE_STRING "ocropus 0.2"
| #define PACKAGE_BUGREPORT ""
| #define STDC_HEADERS 1
| #define HAVE_SYS_WAIT_H 1
| #define HAVE_SYS_TYPES_H 1
| #define HAVE_SYS_STAT_H 1
| #define HAVE_STDLIB_H 1
| #define HAVE_STRING_H 1
| #define HAVE_MEMORY_H 1
| #define HAVE_STRINGS_H 1
| #define HAVE_INTTYPES_H 1
| #define HAVE_STDINT_H 1
| #define HAVE_UNISTD_H 1
| #define HAVE_FLOAT_H 1
| #define HAVE_MALLOC_H 1
| #define HAVE_STDINT_H 1
| #define HAVE_STDLIB_H 1
| #define HAVE_STRING_H 1
| #define HAVE_UNISTD_H 1
| #define HAVE_WCHAR_H 1
| #define HAVE_LIBZ 1
| #define HAVE_LIBPNG 1
| #define HAVE_LIBJPEG 1
| #define HAVE_LIBTIFF 1
| #define HAVE_LIBPTHREAD 1
| #define HAVE_LIBPTHREAD 1
| /* end confdefs.h.  */
| #include <stdio.h>
| #ifdef HAVE_SYS_TYPES_H
| # include <sys/types.h>
| #endif
| #ifdef HAVE_SYS_STAT_H
| # include <sys/stat.h>
| #endif
| #ifdef STDC_HEADERS
| # include <stdlib.h>
| # include <stddef.h>
| #else
| # ifdef HAVE_STDLIB_H
| #  include <stdlib.h>
| # endif
| #endif
| #ifdef HAVE_STRING_H
| # if !defined STDC_HEADERS && defined HAVE_MEMORY_H
| #  include <memory.h>
| # endif
| # include <string.h>
| #endif
| #ifdef HAVE_STRINGS_H
| # include <strings.h>
| #endif
| #ifdef HAVE_INTTYPES_H
| # include <inttypes.h>
| #endif
| #ifdef HAVE_STDINT_H
| # include <stdint.h>
| #endif
| #ifdef HAVE_UNISTD_H
| # include <unistd.h>
| #endif
| int
| main ()
| {
| static int test_array [1 - 2 * !((int64_t) ((((int64_t) 1 << (64 - 2)) - 1) * 2 + 1)
| 	         < (int64_t) ((((int64_t) 1 << (64 - 2)) - 1) * 2 + 2))];
| test_array [0] = 0
| 
|   ;
|   return 0;
| }
configure:5815: result: yes
configure:5827: checking for pid_t
configure:5857: g++ -c -g -O2  conftest.cpp >&5
configure:5863: $? = 0
configure:5878: result: yes
configure:5906: checking vfork.h usability
configure:5923: g++ -c -g -O2  conftest.cpp >&5
conftest.cpp:65:19: error: vfork.h: No such file or directory
configure:5929: $? = 1
configure: failed program was:
| /* confdefs.h.  */
| #define PACKAGE_NAME "ocropus"
| #define PACKAGE_TARNAME "ocropus"
| #define PACKAGE_VERSION "0.2"
| #define PACKAGE_STRING "ocropus 0.2"
| #define PACKAGE_BUGREPORT ""
| #define STDC_HEADERS 1
| #define HAVE_SYS_WAIT_H 1
| #define HAVE_SYS_TYPES_H 1
| #define HAVE_SYS_STAT_H 1
| #define HAVE_STDLIB_H 1
| #define HAVE_STRING_H 1
| #define HAVE_MEMORY_H 1
| #define HAVE_STRINGS_H 1
| #define HAVE_INTTYPES_H 1
| #define HAVE_STDINT_H 1
| #define HAVE_UNISTD_H 1
| #define HAVE_FLOAT_H 1
| #define HAVE_MALLOC_H 1
| #define HAVE_STDINT_H 1
| #define HAVE_STDLIB_H 1
| #define HAVE_STRING_H 1
| #define HAVE_UNISTD_H 1
| #define HAVE_WCHAR_H 1
| #define HAVE_LIBZ 1
| #define HAVE_LIBPNG 1
| #define HAVE_LIBJPEG 1
| #define HAVE_LIBTIFF 1
| #define HAVE_LIBPTHREAD 1
| #define HAVE_LIBPTHREAD 1
| /* end confdefs.h.  */
| #include <stdio.h>
| #ifdef HAVE_SYS_TYPES_H
| # include <sys/types.h>
| #endif
| #ifdef HAVE_SYS_STAT_H
| # include <sys/stat.h>
| #endif
| #ifdef STDC_HEADERS
| # include <stdlib.h>
| # include <stddef.h>
| #else
| # ifdef HAVE_STDLIB_H
| #  include <stdlib.h>
| # endif
| #endif
| #ifdef HAVE_STRING_H
| # if !defined STDC_HEADERS && defined HAVE_MEMORY_H
| #  include <memory.h>
| # endif
| # include <string.h>
| #endif
| #ifdef HAVE_STRINGS_H
| # include <strings.h>
| #endif
| #ifdef HAVE_INTTYPES_H
| # include <inttypes.h>
| #endif
| #ifdef HAVE_STDINT_H
| # include <stdint.h>
| #endif
| #ifdef HAVE_UNISTD_H
| # include <unistd.h>
| #endif
| #include <vfork.h>
configure:5943: result: no
configure:5947: checking vfork.h presence
configure:5962: g++ -E  conftest.cpp
conftest.cpp:32:19: error: vfork.h: No such file or directory
configure:5968: $? = 1
configure: failed program was:
| /* confdefs.h.  */
| #define PACKAGE_NAME "ocropus"
| #define PACKAGE_TARNAME "ocropus"
| #define PACKAGE_VERSION "0.2"
| #define PACKAGE_STRING "ocropus 0.2"
| #define PACKAGE_BUGREPORT ""
| #define STDC_HEADERS 1
| #define HAVE_SYS_WAIT_H 1
| #define HAVE_SYS_TYPES_H 1
| #define HAVE_SYS_STAT_H 1
| #define HAVE_STDLIB_H 1
| #define HAVE_STRING_H 1
| #define HAVE_MEMORY_H 1
| #define HAVE_STRINGS_H 1
| #define HAVE_INTTYPES_H 1
| #define HAVE_STDINT_H 1
| #define HAVE_UNISTD_H 1
| #define HAVE_FLOAT_H 1
| #define HAVE_MALLOC_H 1
| #define HAVE_STDINT_H 1
| #define HAVE_STDLIB_H 1
| #define HAVE_STRING_H 1
| #define HAVE_UNISTD_H 1
| #define HAVE_WCHAR_H 1
| #define HAVE_LIBZ 1
| #define HAVE_LIBPNG 1
| #define HAVE_LIBJPEG 1
| #define HAVE_LIBTIFF 1
| #define HAVE_LIBPTHREAD 1
| #define HAVE_LIBPTHREAD 1
| /* end confdefs.h.  */
| #include <vfork.h>
configure:5982: result: no
configure:6010: checking for vfork.h
configure:6018: result: no
configure:6036: checking for fork
configure:6092: g++ -o conftest -g -O2   conftest.cpp -lpthread -lpthread -ltiff -ljpeg -lpng -lz  >&5
configure:6098: $? = 0
configure:6116: result: yes
configure:6036: checking for vfork
configure:6092: g++ -o conftest -g -O2   conftest.cpp -lpthread -lpthread -ltiff -ljpeg -lpng -lz  >&5
configure:6098: $? = 0
configure:6116: result: yes
configure:6127: checking for working fork
configure:6159: g++ -o conftest -g -O2   conftest.cpp -lpthread -lpthread -ltiff -ljpeg -lpng -lz  >&5
configure:6162: $? = 0
configure:6168: ./conftest
configure:6171: $? = 0
configure:6187: result: yes
configure:6208: checking for working vfork
configure:6346: result: yes
configure:6386: checking for dup2
configure:6442: g++ -o conftest -g -O2   conftest.cpp -lpthread -lpthread -ltiff -ljpeg -lpng -lz  >&5
configure:6448: $? = 0
configure:6466: result: yes
configure:6386: checking for memset
configure:6442: g++ -o conftest -g -O2   conftest.cpp -lpthread -lpthread -ltiff -ljpeg -lpng -lz  >&5
configure:6448: $? = 0
configure:6466: result: yes
configure:6386: checking for sqrt
configure:6442: g++ -o conftest -g -O2   conftest.cpp -lpthread -lpthread -ltiff -ljpeg -lpng -lz  >&5
configure:6448: $? = 0
configure:6466: result: yes
configure:6386: checking for strchr
configure:6442: g++ -o conftest -g -O2   conftest.cpp -lpthread -lpthread -ltiff -ljpeg -lpng -lz  >&5
configure:6448: $? = 0
configure:6466: result: yes
configure:6386: checking for strdup
configure:6442: g++ -o conftest -g -O2   conftest.cpp -lpthread -lpthread -ltiff -ljpeg -lpng -lz  >&5
configure:6448: $? = 0
configure:6466: result: yes
configure:6386: checking for strrchr
configure:6442: g++ -o conftest -g -O2   conftest.cpp -lpthread -lpthread -ltiff -ljpeg -lpng -lz  >&5
configure:6448: $? = 0
configure:6466: result: yes
configure:6609: creating ./config.status

## ---------------------- ##
## Running config.status. ##
## ---------------------- ##

This file was extended by ocropus config.status 0.2, which was
generated by GNU Autoconf 2.61.  Invocation command line was

  CONFIG_FILES    = 
  CONFIG_HEADERS  = 
  CONFIG_LINKS    = 
  CONFIG_COMMANDS = 
  $ ./config.status 

on x61

config.status:588: creating Jamrules

## ---------------- ##
## Cache variables. ##
## ---------------- ##

ac_cv_c_compiler_gnu=yes
ac_cv_c_int64_t=yes
ac_cv_cxx_compiler_gnu=yes
ac_cv_env_CCC_set=
ac_cv_env_CCC_value=
ac_cv_env_CC_set=
ac_cv_env_CC_value=
ac_cv_env_CFLAGS_set=
ac_cv_env_CFLAGS_value=
ac_cv_env_CPPFLAGS_set=
ac_cv_env_CPPFLAGS_value=
ac_cv_env_CXXCPP_set=
ac_cv_env_CXXCPP_value=
ac_cv_env_CXXFLAGS_set=
ac_cv_env_CXXFLAGS_value=
ac_cv_env_CXX_set=
ac_cv_env_CXX_value=
ac_cv_env_LDFLAGS_set=
ac_cv_env_LDFLAGS_value=
ac_cv_env_LIBS_set=
ac_cv_env_LIBS_value=
ac_cv_env_build_alias_set=
ac_cv_env_build_alias_value=
ac_cv_env_host_alias_set=
ac_cv_env_host_alias_value=
ac_cv_env_target_alias_set=
ac_cv_env_target_alias_value=
ac_cv_env_tessheaders_set=
ac_cv_env_tessheaders_value=
ac_cv_env_tesslibs_set=
ac_cv_env_tesslibs_value=
ac_cv_func_dup2=yes
ac_cv_func_fork=yes
ac_cv_func_fork_works=yes
ac_cv_func_memset=yes
ac_cv_func_sqrt=yes
ac_cv_func_strchr=yes
ac_cv_func_strdup=yes
ac_cv_func_strrchr=yes
ac_cv_func_vfork=yes
ac_cv_func_vfork_works=yes
ac_cv_header_aspell_h=no
ac_cv_header_float_h=yes
ac_cv_header_fst_lib_fst_h=no
ac_cv_header_inttypes_h=yes
ac_cv_header_jpeglib_h=yes
ac_cv_header_malloc_h=yes
ac_cv_header_memory_h=yes
ac_cv_header_png_h=yes
ac_cv_header_stdc=yes
ac_cv_header_stdint_h=yes
ac_cv_header_stdlib_h=yes
ac_cv_header_string_h=yes
ac_cv_header_strings_h=yes
ac_cv_header_sys_stat_h=yes
ac_cv_header_sys_types_h=yes
ac_cv_header_sys_wait_h=yes
ac_cv_header_unistd_h=yes
ac_cv_header_vfork_h=no
ac_cv_header_wchar_h=yes
ac_cv_lib_SDL_SDL_Init=no
ac_cv_lib_SDL_gfx_rotozoomSurface=no
ac_cv_lib_aspell_new_aspell_config=no
ac_cv_lib_edit_readline=no
ac_cv_lib_fst_main=no
ac_cv_lib_jpeg_jpeg_std_error=yes
ac_cv_lib_png_png_sig_cmp=yes
ac_cv_lib_pthread_pthread_create=yes
ac_cv_lib_tesseract_full_err_exit=no
ac_cv_lib_tiff_TIFFOpen=yes
ac_cv_lib_z_compress=yes
ac_cv_objext=o
ac_cv_path_EGREP='/bin/grep -E'
ac_cv_path_GREP=/bin/grep
ac_cv_prog_CXXCPP='g++ -E'
ac_cv_prog_ac_ct_CC=gcc
ac_cv_prog_ac_ct_CXX=g++
ac_cv_prog_ac_ct_RANLIB=ranlib
ac_cv_prog_cc_c89=
ac_cv_prog_cc_g=yes
ac_cv_prog_cxx_g=yes
ac_cv_type_pid_t=yes
ac_cv_use_aspell=yes
ac_cv_use_fst=yes
ac_cv_use_lua=yes
ac_cv_use_sdl=yes

## ----------------- ##
## Output variables. ##
## ----------------- ##

CC='gcc'
CFLAGS='-g -O2'
CPPFLAGS=''
CXX='g++'
CXXCPP='g++ -E'
CXXFLAGS='-g -O2'
DEFS='-DPACKAGE_NAME=\"ocropus\" -DPACKAGE_TARNAME=\"ocropus\" -DPACKAGE_VERSION=\"0.2\" -DPACKAGE_STRING=\"ocropus\ 0.2\" -DPACKAGE_BUGREPORT=\"\" -DSTDC_HEADERS=1 -DHAVE_SYS_WAIT_H=1 -DHAVE_SYS_TYPES_H=1 -DHAVE_SYS_STAT_H=1 -DHAVE_STDLIB_H=1 -DHAVE_STRING_H=1 -DHAVE_MEMORY_H=1 -DHAVE_STRINGS_H=1 -DHAVE_INTTYPES_H=1 -DHAVE_STDINT_H=1 -DHAVE_UNISTD_H=1 -DHAVE_FLOAT_H=1 -DHAVE_MALLOC_H=1 -DHAVE_STDINT_H=1 -DHAVE_STDLIB_H=1 -DHAVE_STRING_H=1 -DHAVE_UNISTD_H=1 -DHAVE_WCHAR_H=1 -DHAVE_LIBZ=1 -DHAVE_LIBPNG=1 -DHAVE_LIBJPEG=1 -DHAVE_LIBTIFF=1 -DHAVE_LIBPTHREAD=1 -DHAVE_LIBPTHREAD=1 -DHAVE_FORK=1 -DHAVE_VFORK=1 -DHAVE_WORKING_VFORK=1 -DHAVE_WORKING_FORK=1 -DHAVE_DUP2=1 -DHAVE_MEMSET=1 -DHAVE_SQRT=1 -DHAVE_STRCHR=1 -DHAVE_STRDUP=1 -DHAVE_STRRCHR=1'
ECHO_C=''
ECHO_N='-n'
ECHO_T=''
EGREP='/bin/grep -E'
EXEEXT=''
GREP='/bin/grep'
LDFLAGS=''
LIBOBJS=''
LIBS='-lpthread -lpthread -ltiff -ljpeg -lpng -lz '
LTLIBOBJS=''
OBJEXT='o'
PACKAGE_BUGREPORT=''
PACKAGE_NAME='ocropus'
PACKAGE_STRING='ocropus 0.2'
PACKAGE_TARNAME='ocropus'
PACKAGE_VERSION='0.2'
PATH_SEPARATOR=':'
RANLIB='ranlib'
SHELL='/bin/bash'
ac_ct_CC='gcc'
ac_ct_CXX='g++'
bindir='${exec_prefix}/bin'
build_alias=''
datadir='${datarootdir}'
datarootdir='${prefix}/share'
docdir='${datarootdir}/doc/${PACKAGE_TARNAME}'
dvidir='${docdir}'
exec_prefix='${prefix}'
host_alias=''
htmldir='${docdir}'
includedir='${prefix}/include'
infodir='${datarootdir}/info'
libdir='${exec_prefix}/lib'
libexecdir='${exec_prefix}/libexec'
localedir='${datarootdir}/locale'
localstatedir='${prefix}/var'
mandir='${datarootdir}/man'
noaspell='1'
noeditline='1'
nofst='1'
nolept='1'
nolua=''
noposix=''
nosdl='1'
notesseract='1'
oldincludedir='/usr/include'
pdfdir='${docdir}'
prefix='/usr/local'
program_transform_name='s,x,x,'
psdir='${docdir}'
sbindir='${exec_prefix}/sbin'
sharedstatedir='${prefix}/com'
sysconfdir='${prefix}/etc'
target_alias=''
tessheaders='/usr/local/include/tesseract'
tesslibs='/usr/local/lib'

## ----------- ##
## confdefs.h. ##
## ----------- ##

#define PACKAGE_NAME "ocropus"
#define PACKAGE_TARNAME "ocropus"
#define PACKAGE_VERSION "0.2"
#define PACKAGE_STRING "ocropus 0.2"
#define PACKAGE_BUGREPORT ""
#define STDC_HEADERS 1
#define HAVE_SYS_WAIT_H 1
#define HAVE_SYS_TYPES_H 1
#define HAVE_SYS_STAT_H 1
#define HAVE_STDLIB_H 1
#define HAVE_STRING_H 1
#define HAVE_MEMORY_H 1
#define HAVE_STRINGS_H 1
#define HAVE_INTTYPES_H 1
#define HAVE_STDINT_H 1
#define HAVE_UNISTD_H 1
#define HAVE_FLOAT_H 1
#define HAVE_MALLOC_H 1
#define HAVE_STDINT_H 1
#define HAVE_STDLIB_H 1
#define HAVE_STRING_H 1
#define HAVE_UNISTD_H 1
#define HAVE_WCHAR_H 1
#define HAVE_LIBZ 1
#define HAVE_LIBPNG 1
#define HAVE_LIBJPEG 1
#define HAVE_LIBTIFF 1
#define HAVE_LIBPTHREAD 1
#define HAVE_LIBPTHREAD 1
#define HAVE_FORK 1
#define HAVE_VFORK 1
#define HAVE_WORKING_VFORK 1
#define HAVE_WORKING_FORK 1
#define HAVE_DUP2 1
#define HAVE_MEMSET 1
#define HAVE_SQRT 1
#define HAVE_STRCHR 1
#define HAVE_STRDUP 1
#define HAVE_STRRCHR 1

configure: exit 0
