The system is: Linux - 2.6.31-20-generic - i686
Compiling the C compiler identification source file "CMakeCCompilerId.c" succeeded.
Compiler: /usr/bin/gcc 
Build flags: 
Id flags: 

The output was:
0


Compilation of the C compiler identification source "CMakeCCompilerId.c" produced "a.out"

The C compiler identification is GNU, found in "/home/wo/programming/opp-tools/rpdf/cuneiform-linux-0.9.0/builddir/CMakeFiles/CompilerIdC/a.out"

Compiling the CXX compiler identification source file "CMakeCXXCompilerId.cpp" succeeded.
Compiler: /usr/bin/c++ 
Build flags: 
Id flags: 

The output was:
0
CMakeCXXCompilerId.cpp:67: warning: deprecated conversion from string constant to ‘char*’
CMakeCXXCompilerId.cpp:157: warning: deprecated conversion from string constant to ‘char*’


Compilation of the CXX compiler identification source "CMakeCXXCompilerId.cpp" produced "a.out"

The CXX compiler identification is GNU, found in "/home/wo/programming/opp-tools/rpdf/cuneiform-linux-0.9.0/builddir/CMakeFiles/CompilerIdCXX/a.out"

Determining if the C compiler works passed with the following output:
Change Dir: /home/wo/programming/opp-tools/rpdf/cuneiform-linux-0.9.0/builddir/CMakeFiles/CMakeTmp

Run Build Command:/usr/bin/make "cmTryCompileExec/fast"
/usr/bin/make -f CMakeFiles/cmTryCompileExec.dir/build.make CMakeFiles/cmTryCompileExec.dir/build
make[1]: Entering directory `/home/wo/programming/opp-tools/rpdf/cuneiform-linux-0.9.0/builddir/CMakeFiles/CMakeTmp'
/usr/bin/cmake -E cmake_progress_report /home/wo/programming/opp-tools/rpdf/cuneiform-linux-0.9.0/builddir/CMakeFiles/CMakeTmp/CMakeFiles 1
Building C object CMakeFiles/cmTryCompileExec.dir/testCCompiler.c.o
/usr/bin/gcc    -o CMakeFiles/cmTryCompileExec.dir/testCCompiler.c.o   -c /home/wo/programming/opp-tools/rpdf/cuneiform-linux-0.9.0/builddir/CMakeFiles/CMakeTmp/testCCompiler.c
Linking C executable cmTryCompileExec
/usr/bin/cmake -E cmake_link_script CMakeFiles/cmTryCompileExec.dir/link.txt --verbose=1
/usr/bin/gcc        CMakeFiles/cmTryCompileExec.dir/testCCompiler.c.o  -o cmTryCompileExec -rdynamic 
make[1]: Leaving directory `/home/wo/programming/opp-tools/rpdf/cuneiform-linux-0.9.0/builddir/CMakeFiles/CMakeTmp'


Detecting C compiler ABI info compiled with the following output:
Change Dir: /home/wo/programming/opp-tools/rpdf/cuneiform-linux-0.9.0/builddir/CMakeFiles/CMakeTmp

Run Build Command:/usr/bin/make "cmTryCompileExec/fast"
/usr/bin/make -f CMakeFiles/cmTryCompileExec.dir/build.make CMakeFiles/cmTryCompileExec.dir/build
make[1]: Entering directory `/home/wo/programming/opp-tools/rpdf/cuneiform-linux-0.9.0/builddir/CMakeFiles/CMakeTmp'
/usr/bin/cmake -E cmake_progress_report /home/wo/programming/opp-tools/rpdf/cuneiform-linux-0.9.0/builddir/CMakeFiles/CMakeTmp/CMakeFiles 1
Building C object CMakeFiles/cmTryCompileExec.dir/CMakeCCompilerABI.c.o
/usr/bin/gcc    -o CMakeFiles/cmTryCompileExec.dir/CMakeCCompilerABI.c.o   -c /usr/share/cmake-2.6/Modules/CMakeCCompilerABI.c
Linking C executable cmTryCompileExec
/usr/bin/cmake -E cmake_link_script CMakeFiles/cmTryCompileExec.dir/link.txt --verbose=1
/usr/bin/gcc        CMakeFiles/cmTryCompileExec.dir/CMakeCCompilerABI.c.o  -o cmTryCompileExec -rdynamic 
make[1]: Leaving directory `/home/wo/programming/opp-tools/rpdf/cuneiform-linux-0.9.0/builddir/CMakeFiles/CMakeTmp'


Determining if the CXX compiler works passed with the following output:
Change Dir: /home/wo/programming/opp-tools/rpdf/cuneiform-linux-0.9.0/builddir/CMakeFiles/CMakeTmp

Run Build Command:/usr/bin/make "cmTryCompileExec/fast"
/usr/bin/make -f CMakeFiles/cmTryCompileExec.dir/build.make CMakeFiles/cmTryCompileExec.dir/build
make[1]: Entering directory `/home/wo/programming/opp-tools/rpdf/cuneiform-linux-0.9.0/builddir/CMakeFiles/CMakeTmp'
/usr/bin/cmake -E cmake_progress_report /home/wo/programming/opp-tools/rpdf/cuneiform-linux-0.9.0/builddir/CMakeFiles/CMakeTmp/CMakeFiles 1
Building CXX object CMakeFiles/cmTryCompileExec.dir/testCXXCompiler.cxx.o
/usr/bin/c++     -o CMakeFiles/cmTryCompileExec.dir/testCXXCompiler.cxx.o -c /home/wo/programming/opp-tools/rpdf/cuneiform-linux-0.9.0/builddir/CMakeFiles/CMakeTmp/testCXXCompiler.cxx
Linking CXX executable cmTryCompileExec
/usr/bin/cmake -E cmake_link_script CMakeFiles/cmTryCompileExec.dir/link.txt --verbose=1
/usr/bin/c++         CMakeFiles/cmTryCompileExec.dir/testCXXCompiler.cxx.o  -o cmTryCompileExec -rdynamic 
make[1]: Leaving directory `/home/wo/programming/opp-tools/rpdf/cuneiform-linux-0.9.0/builddir/CMakeFiles/CMakeTmp'


Detecting CXX compiler ABI info compiled with the following output:
Change Dir: /home/wo/programming/opp-tools/rpdf/cuneiform-linux-0.9.0/builddir/CMakeFiles/CMakeTmp

Run Build Command:/usr/bin/make "cmTryCompileExec/fast"
/usr/bin/make -f CMakeFiles/cmTryCompileExec.dir/build.make CMakeFiles/cmTryCompileExec.dir/build
make[1]: Entering directory `/home/wo/programming/opp-tools/rpdf/cuneiform-linux-0.9.0/builddir/CMakeFiles/CMakeTmp'
/usr/bin/cmake -E cmake_progress_report /home/wo/programming/opp-tools/rpdf/cuneiform-linux-0.9.0/builddir/CMakeFiles/CMakeTmp/CMakeFiles 1
Building CXX object CMakeFiles/cmTryCompileExec.dir/CMakeCXXCompilerABI.cpp.o
/usr/bin/c++     -o CMakeFiles/cmTryCompileExec.dir/CMakeCXXCompilerABI.cpp.o -c /usr/share/cmake-2.6/Modules/CMakeCXXCompilerABI.cpp
Linking CXX executable cmTryCompileExec
/usr/bin/cmake -E cmake_link_script CMakeFiles/cmTryCompileExec.dir/link.txt --verbose=1
/usr/bin/c++         CMakeFiles/cmTryCompileExec.dir/CMakeCXXCompilerABI.cpp.o  -o cmTryCompileExec -rdynamic 
make[1]: Leaving directory `/home/wo/programming/opp-tools/rpdf/cuneiform-linux-0.9.0/builddir/CMakeFiles/CMakeTmp'


Determining if the include file sys/types.h exists passed with the following output:
Change Dir: /home/wo/programming/opp-tools/rpdf/cuneiform-linux-0.9.0/builddir/CMakeFiles/CMakeTmp

Run Build Command:/usr/bin/make "cmTryCompileExec/fast"
/usr/bin/make -f CMakeFiles/cmTryCompileExec.dir/build.make CMakeFiles/cmTryCompileExec.dir/build
make[1]: Entering directory `/home/wo/programming/opp-tools/rpdf/cuneiform-linux-0.9.0/builddir/CMakeFiles/CMakeTmp'
/usr/bin/cmake -E cmake_progress_report /home/wo/programming/opp-tools/rpdf/cuneiform-linux-0.9.0/builddir/CMakeFiles/CMakeTmp/CMakeFiles 1
Building C object CMakeFiles/cmTryCompileExec.dir/CheckIncludeFile.c.o
/usr/bin/gcc    -o CMakeFiles/cmTryCompileExec.dir/CheckIncludeFile.c.o   -c /home/wo/programming/opp-tools/rpdf/cuneiform-linux-0.9.0/builddir/CMakeFiles/CMakeTmp/CheckIncludeFile.c
Linking C executable cmTryCompileExec
/usr/bin/cmake -E cmake_link_script CMakeFiles/cmTryCompileExec.dir/link.txt --verbose=1
/usr/bin/gcc        CMakeFiles/cmTryCompileExec.dir/CheckIncludeFile.c.o  -o cmTryCompileExec -rdynamic 
make[1]: Leaving directory `/home/wo/programming/opp-tools/rpdf/cuneiform-linux-0.9.0/builddir/CMakeFiles/CMakeTmp'


Determining if the include file stdint.h exists passed with the following output:
Change Dir: /home/wo/programming/opp-tools/rpdf/cuneiform-linux-0.9.0/builddir/CMakeFiles/CMakeTmp

Run Build Command:/usr/bin/make "cmTryCompileExec/fast"
/usr/bin/make -f CMakeFiles/cmTryCompileExec.dir/build.make CMakeFiles/cmTryCompileExec.dir/build
make[1]: Entering directory `/home/wo/programming/opp-tools/rpdf/cuneiform-linux-0.9.0/builddir/CMakeFiles/CMakeTmp'
/usr/bin/cmake -E cmake_progress_report /home/wo/programming/opp-tools/rpdf/cuneiform-linux-0.9.0/builddir/CMakeFiles/CMakeTmp/CMakeFiles 1
Building C object CMakeFiles/cmTryCompileExec.dir/CheckIncludeFile.c.o
/usr/bin/gcc    -o CMakeFiles/cmTryCompileExec.dir/CheckIncludeFile.c.o   -c /home/wo/programming/opp-tools/rpdf/cuneiform-linux-0.9.0/builddir/CMakeFiles/CMakeTmp/CheckIncludeFile.c
Linking C executable cmTryCompileExec
/usr/bin/cmake -E cmake_link_script CMakeFiles/cmTryCompileExec.dir/link.txt --verbose=1
/usr/bin/gcc        CMakeFiles/cmTryCompileExec.dir/CheckIncludeFile.c.o  -o cmTryCompileExec -rdynamic 
make[1]: Leaving directory `/home/wo/programming/opp-tools/rpdf/cuneiform-linux-0.9.0/builddir/CMakeFiles/CMakeTmp'


Determining if the include file stddef.h exists passed with the following output:
Change Dir: /home/wo/programming/opp-tools/rpdf/cuneiform-linux-0.9.0/builddir/CMakeFiles/CMakeTmp

Run Build Command:/usr/bin/make "cmTryCompileExec/fast"
/usr/bin/make -f CMakeFiles/cmTryCompileExec.dir/build.make CMakeFiles/cmTryCompileExec.dir/build
make[1]: Entering directory `/home/wo/programming/opp-tools/rpdf/cuneiform-linux-0.9.0/builddir/CMakeFiles/CMakeTmp'
/usr/bin/cmake -E cmake_progress_report /home/wo/programming/opp-tools/rpdf/cuneiform-linux-0.9.0/builddir/CMakeFiles/CMakeTmp/CMakeFiles 1
Building C object CMakeFiles/cmTryCompileExec.dir/CheckIncludeFile.c.o
/usr/bin/gcc    -o CMakeFiles/cmTryCompileExec.dir/CheckIncludeFile.c.o   -c /home/wo/programming/opp-tools/rpdf/cuneiform-linux-0.9.0/builddir/CMakeFiles/CMakeTmp/CheckIncludeFile.c
Linking C executable cmTryCompileExec
/usr/bin/cmake -E cmake_link_script CMakeFiles/cmTryCompileExec.dir/link.txt --verbose=1
/usr/bin/gcc        CMakeFiles/cmTryCompileExec.dir/CheckIncludeFile.c.o  -o cmTryCompileExec -rdynamic 
make[1]: Leaving directory `/home/wo/programming/opp-tools/rpdf/cuneiform-linux-0.9.0/builddir/CMakeFiles/CMakeTmp'


Determining size of void* passed with the following output:
Change Dir: /home/wo/programming/opp-tools/rpdf/cuneiform-linux-0.9.0/builddir/CMakeFiles/CMakeTmp

Run Build Command:/usr/bin/make "cmTryCompileExec/fast"
/usr/bin/make -f CMakeFiles/cmTryCompileExec.dir/build.make CMakeFiles/cmTryCompileExec.dir/build
make[1]: Entering directory `/home/wo/programming/opp-tools/rpdf/cuneiform-linux-0.9.0/builddir/CMakeFiles/CMakeTmp'
/usr/bin/cmake -E cmake_progress_report /home/wo/programming/opp-tools/rpdf/cuneiform-linux-0.9.0/builddir/CMakeFiles/CMakeTmp/CMakeFiles 1
Building C object CMakeFiles/cmTryCompileExec.dir/CheckTypeSizeC.c.o
/usr/bin/gcc   -DHAVE_SYS_TYPES_H -DHAVE_STDINT_H -DHAVE_STDDEF_H   -o CMakeFiles/cmTryCompileExec.dir/CheckTypeSizeC.c.o   -c /home/wo/programming/opp-tools/rpdf/cuneiform-linux-0.9.0/builddir/CMakeFiles/CMakeTmp/CheckTypeSizeC.c
Linking C executable cmTryCompileExec
/usr/bin/cmake -E cmake_link_script CMakeFiles/cmTryCompileExec.dir/link.txt --verbose=1
/usr/bin/gcc      -DHAVE_SYS_TYPES_H -DHAVE_STDINT_H -DHAVE_STDDEF_H   CMakeFiles/cmTryCompileExec.dir/CheckTypeSizeC.c.o  -o cmTryCompileExec -rdynamic 
make[1]: Leaving directory `/home/wo/programming/opp-tools/rpdf/cuneiform-linux-0.9.0/builddir/CMakeFiles/CMakeTmp'


Performing C SOURCE FILE Test HAVE_GCCVISIBILITY succeded with the following output:
Change Dir: /home/wo/programming/opp-tools/rpdf/cuneiform-linux-0.9.0/builddir/CMakeFiles/CMakeTmp

Run Build Command:/usr/bin/make "cmTryCompileExec/fast"
/usr/bin/make -f CMakeFiles/cmTryCompileExec.dir/build.make CMakeFiles/cmTryCompileExec.dir/build
make[1]: Entering directory `/home/wo/programming/opp-tools/rpdf/cuneiform-linux-0.9.0/builddir/CMakeFiles/CMakeTmp'
/usr/bin/cmake -E cmake_progress_report /home/wo/programming/opp-tools/rpdf/cuneiform-linux-0.9.0/builddir/CMakeFiles/CMakeTmp/CMakeFiles 1
Building C object CMakeFiles/cmTryCompileExec.dir/src.c.o
/usr/bin/gcc  -DHAVE_GCCVISIBILITY -DHAVE_GCCVISIBILITY   -fvisibility=hidden -o CMakeFiles/cmTryCompileExec.dir/src.c.o   -c /home/wo/programming/opp-tools/rpdf/cuneiform-linux-0.9.0/builddir/CMakeFiles/CMakeTmp/src.c
Linking C executable cmTryCompileExec
/usr/bin/cmake -E cmake_link_script CMakeFiles/cmTryCompileExec.dir/link.txt --verbose=1
/usr/bin/gcc     -DHAVE_GCCVISIBILITY   CMakeFiles/cmTryCompileExec.dir/src.c.o  -o cmTryCompileExec -rdynamic 
make[1]: Leaving directory `/home/wo/programming/opp-tools/rpdf/cuneiform-linux-0.9.0/builddir/CMakeFiles/CMakeTmp'

Source file was:
int main() { return 0;}
